147.761 83.0387 211.64 48.52 2402 25
145.149 99.967 330.835 86.4287 3152 2848
145.127 99.9622 330.658 86.2998 3150 2855
145.127 99.9622 330.658 86.2998 3150 2855
145.127 99.9622 330.642 86.3377 3150 2852
145.131 99.9714 330.678 86.3869 3151 2856
145.134 99.9854 330.678 86.3411 3150 2858
145.134 99.9854 330.65 86.3509 3150 2853
145.134 99.9854 330.678 86.3411 3150 2858
145.134 99.9854 330.658 86.2998 3150 2855
145.134 99.9854 330.683 86.3554 3150 2859
145.13 99.9762 330.658 86.2998 3149 2855
145.12 100 330.612 86.2953 3152 2848
145.12 100 330.658 86.2998 3152 2855
145.134 99.9854 330.69 86.3692 3150 2860
145.131 99.9714 330.631 86.3095 3151 2850
145.131 99.9714 330.612 86.2953 3151 2848
145.149 99.967 330.647 86.3519 3152 2853
145.134 99.9854 330.637 86.3399 3150 2851
145.116 100.005 330.611 86.3562 3152 2847
145.1 100.017 330.594 86.3136 3151 2844
145.088 100.044 330.614 86.3551 3153 2847
145.14 99.9873 330.637 86.351 3149 2852
145.121 100.012 330.626 86.3833 3148 2849
145.089 100.057 330.606 86.3419 3152 2846
145.13 99.9905 330.629 86.2918 3150 2851
145.12 100.014 330.626 86.3833 3153 2849
145.121 100.026 330.631 86.3532 3149 2851
145.121 100.026 330.614 86.3551 3149 2847
145.109 100.038 330.614 86.3551 3150 2847
145.08 100.056 330.614 86.3551 3154 2847
145.062 100.085 330.609 86.3647 3154 2846
145.08 100.056 330.617 86.3366 3154 2846
145.074 100.044 330.579 86.3224 3155 2841
145.08 100.056 330.607 86.3283 3154 2845
145.056 100.127 330.592 86.3222 3155 2843
145.062 100.099 330.594 86.3992 3153 2838
145.056 100.127 330.563 86.3855 3155 2838
145.068 100.126 330.447 86.3751 3153 2863
145.056 100.127 330.437 86.3132 3155 2867
145.029 100.122 330.392 86.2707 3144 2859
145.056 100.127 330.452 86.3722 3155 2864
145.056 100.127 330.436 86.3635 3155 2864
145.046 100.119 330.392 86.3408 3153 2858
145.022 100.159 330.421 86.3194 3150 2862
145.056 100.127 330.444 86.3839 3155 2865
145.014 100.171 330.354 86.355 3149 2859
145.011 100.151 330.38 86.3236 3148 2868
145.011 100.151 330.397 86.3517 3148 2866
145.004 100.164 330.366 86.3386 3147 2862
144.992 100.163 330.353 86.3903 3147 2859
144.996 100.146 330.29 86.4178 3145 2848
144.926 100.29 330.206 86.4686 3143 2853
144.851 100.284 330.221 86.6521 3149 2846
144.684 100.673 329.864 86.6999 3143 2849
144.499 100.834 329.481 86.7609 3141 2852
144.202 101.094 328.975 87.0405 3145 2841
143.607 101.523 328.346 87.4988 3131 2857
143.158 101.918 327.616 87.8288 3120 2851
142.878 102.524 327.023 88.4688 3112 2822
142.438 103.078 326.282 89.0465 3095 2817
142.174 103.823 325.522 89.9232 3070 2786
141.996 104.545 324.641 90.8297 3058 2789
142.029 105.419 324.226 91.8322 3043 2753
142.449 106.179 323.968 92.8471 3026 2728
143.01 107.053 323.794 93.874 3025 2714
143.681 107.896 323.507 94.7146 2992 2719
144.29 108.84 323.489 95.6889 2970 2710
144.877 109.788 323.489 96.7699 2952 2651
145.345 110.815 323.429 97.7812 2924 2632
145.837 111.768 323.043 98.8317 2911 2614
146.242 112.821 322.559 100.13 2899 2610
146.586 113.887 322.129 101.395 2855 2582
146.73 115.163 321.453 102.808 2842 2539
146.757 116.48 320.483 104.045 2812 2533
146.792 117.915 319.68 105.564 2782 2510
146.598 119.421 318.51 106.974 2757 2482
146.458 121.131 317.389 108.78 2723 2445
146.125 122.777 316.04 110.417 2687 2425
146.018 124.259 314.58 111.882 2647 2420
145.866 126.26 313.569 113.758 2626 2364
145.944 127.748 312.512 115.541 2585 2338
146.079 129.378 311.423 117.084 2553 2300
146.2 130.977 310.369 118.972 2529 2273
146.452 132.564 309.557 120.47 2502 2238
146.827 134.239 308.827 122.37 2462 2222
147.276 135.881 307.956 124.137 2428 2192
147.692 137.32 307.352 125.986 2398 2154
148.039 138.989 306.427 127.727 2359 2126
148.49 140.726 305.87 129.437 2345 2096
148.697 142.173 305.03 131.151 2304 2058
148.913 143.703 303.964 132.635 2277 2038
149.095 145.087 303.041 134.131 2254 2004
149.107 146.499 302.056 135.646 2219 1983
149.388 147.791 301.359 136.95 2199 1965
149.695 149.241 300.782 138.407 2157 1933
149.993 150.427 300.135 139.877 2135 1922
150.216 151.793 299.479 141.13 2113 1887
150.554 152.83 298.869 142.355 2091 1873
150.96 155.422 297.302 144.876 2047 1831
151.009 156.822 296.617 146.29 2020 1797
151.129 158.091 295.92 147.68 1999 1785
151.217 159.487 295.176 148.908 1969 1773
151.356 160.818 294.349 150.396 1946 1746
151.417 162.198 293.466 151.506 1924 1731
151.477 163.574 292.619 152.822 1895 1707
151.615 166.118 291.001 155.383 1834 1681
151.68 167.599 290.114 156.723 1820 1654
151.991 169.106 289.564 158.11 1799 1628
152.483 170.16 288.971 159.417 1773 1604
152.811 171.438 288.41 160.507 1755 1590
153.338 172.559 288.122 161.762 1721 1573
153.889 173.603 287.853 162.854 1707 1553
154.482 174.752 287.496 164.298 1679 1528
155.027 175.965 287.174 165.324 1664 1515
156.2 177.946 286.439 167.486 1626 1471
157.121 180.367 285.96 170.019 1592 1437
157.832 181.284 285.678 171.239 1561 1417
158.251 182.528 285.289 172.206 1548 1413
158.856 183.384 285.007 173.384 1535 1384
159.348 184.439 284.76 174.541 1518 1369
159.983 185.581 284.577 175.856 1491 1364
160.531 186.678 284.248 177.046 1473 1345
161.474 188.844 283.625 179.378 1438 1297
161.795 190.062 283.044 180.456 1424 1282
162.181 191.086 282.595 181.658 1405 1273
162.58 192.178 282.243 182.977 1396 1248
162.736 193.32 281.651 184.129 1370 1242
162.579 194.509 280.646 185.181 1350 1219
162.17 196.55 278.937 187.451 1315 1197
162.07 197.67 278.076 188.494 1305 1182
161.844 198.79 277.16 189.603 1288 1179
161.729 199.631 276.413 190.557 1272 1164
161.588 200.63 275.641 191.355 1266 1145
161.563 201.334 274.928 192.584 1248 1134
161.489 202.275 274.309 193.422 1240 1121
161.303 203.192 273.413 194.171 1223 1115
160.826 204.651 271.972 196.066 1198 1091
160.531 205.793 271.192 196.948 1191 1087
160.324 206.489 270.322 197.617 1180 1084
160.032 207.234 269.669 198.446 1173 1059
159.798 208.117 94.7108 150.518 1163 83
159.656 208.915 94.7108 150.518 1147 83
159.279 210.311 94.7108 150.518 1125 83
159.063 211.139 94.7108 150.518 1114 83
158.648 212.642 94.7108 150.518 1098 83
158.391 213.377 94.7108 150.518 1082 83
158.235 214.28 94.7108 150.518 1074 83
157.946 214.91 94.7108 150.518 1062 83
158.074 216.534 94.7108 150.518 1044 83
158.323 217.106 94.7108 150.518 1023 83
158.603 218.01 94.7108 150.518 1015 83
159.094 218.8 94.7108 150.518 1007 83
159.725 219.226 94.7108 150.518 1001 83
160.358 219.875 94.7108 150.518 995 83
160.782 220.804 94.7108 150.518 986 83
161.347 221.504 94.7108 150.518 978 83
161.779 222.15 94.7108 150.518 958 83
162.803 223.283 260.672 215.321 937 868
163.253 223.991 260.548 216.007 931 862
163.506 224.517 260.387 216.831 928 853
163.749 225.182 260.128 217.44 922 845
163.909 225.877 259.797 218.086 911 834
163.978 226.471 259.385 218.644 905 824
164.029 227.135 259.082 219.469 897 819
164.122 227.593 258.556 220.098 890 818
164.038 228.982 257.456 221.213 876 803
163.997 229.498 257.086 221.947 860 791
163.901 230.127 256.662 222.531 860 779
163.869 230.709 256.208 223.2 849 785
163.789 231.483 255.785 223.937 840 772
163.803 231.726 255.131 224.298 839 761
163.657 232.485 254.63 225.176 825 765
163.585 232.918 254.077 225.589 820 755
163.451 233.506 253.692 226.42 816 743
163.292 233.951 253.129 226.92 801 735
162.937 235.042 252.117 227.891 791 732
162.901 235.51 251.615 228.466 779 727
162.689 235.941 251.1 229.079 782 718
162.307 236.601 250.435 229.476 771 712
161.985 236.996 249.703 230.01 775 708
161.49 237.488 248.957 230.532 773 705
160.894 237.965 248.113 230.892 762 702
160.261 238.65 247.335 231.397 754 696
159.932 239.015 246.639 231.741 750 687
159.533 239.415 245.986 232.304 738 691
159.257 239.832 245.499 232.81 743 686
158.802 240.778 244.235 233.52 731 690
158.581 241.086 243.692 233.955 724 672
158.396 241.544 243.283 234.572 717 668
157.492 242.475 241.776 235.252 709 656
157.052 242.996 241.17 235.869 713 659
156.657 243.457 240.39 236.37 702 643
156.171 243.633 239.623 236.825 695 645
155.717 244.459 238.872 237.317 689 647
155.477 244.857 238.328 237.582 687 641
155.185 245.347 237.875 238.226 677 641
154.949 245.914 237.369 238.772 666 636
154.718 246.31 236.903 239.407 670 626
154.917 246.979 236.262 239.984 660 614
154.198 247.791 235.358 240.456 657 620
153.589 248.188 234.363 240.86 655 609
152.517 248.524 232.998 240.79 638 600
151.298 249.359 231.335 240.955 641 606
148.543 250.484 228.064 241.71 630 593
147.602 250.61 226.826 241.821 625 593
147.241 250.948 225.918 242.328 613 586
146.405 251.9 225.044 242.955 612 573
146.135 252.388 224.439 243.638 616 572
146.48 253.067 224.565 244.602 611 575
147.467 253.305 225.247 245.517 600 571
150.035 254.108 227.083 247.392 594 553
150.601 254.469 227.193 247.744 586 550
151.384 254.692 227.488 248.104 578 547
151.547 255.276 227.401 248.588 576 534
151.67 255.496 227.296 248.773 573 541
151.507 256.261 226.655 249.717 574 527
151.238 256.621 226.093 250.004 567 529
151.048 256.955 225.696 250.47 561 523
150.77 257.491 225.18 250.816 564 522
150.744 257.765 225.004 251.228 550 523
150.683 258.083 224.695 251.633 555 515
150.492 258.29 224.125 251.888 549 511
150.283 259.366 223.54 252.89 538 502
150.13 259.803 223.228 253.124 537 499
149.916 260.036 222.613 253.253 533 494
149.462 260.414 222.075 253.657 526 495
149.206 260.636 221.691 254.026 528 498
148.798 260.752 221.115 254.559 524 494
148.011 261.569 219.683 255.144 522 486
147.446 262.118 219.14 255.498 516 478
147.118 262.413 218.464 255.692 518 481
146.683 262.705 217.758 256.084 508 479
146.321 263.022 217.342 256.418 502 479
145.947 263.292 216.641 256.675 507 465
145.692 263.525 216.017 256.885 503 468
145.36 264.085 215.533 257.342 492 473
145.085 264.768 215.173 258.158 496 463
144.867 265.214 214.68 258.648 487 466
144.716 265.892 214.22 259.002 483 460
144.528 266.351 213.906 259.694 481 458
144.505 267.035 213.615 260.497 481 455
144.515 267.695 213.344 261.37 476 454
144.328 268.874 213.002 262.097 478 455
144.402 269.91 212.784 263.561 480 453
144.166 270.542 212.403 264.186 469 442
144.183 270.8 212.074 264.682 464 446
144 271.265 211.624 264.882 456 439
143.991 272 210.83 265.565 451 430
143.94 272.296 210.734 266.186 449 429
143.971 272.518 210.441 266.404 444 431
143.909 272.914 210.185 266.674 441 426
143.831 273.013 209.75 266.979 445 424
143.785 273.639 209.545 267.491 441 424
143.682 274.099 209.115 268.159 434 409
143.862 274.527 208.939 268.6 427 410
143.981 274.645 208.676 268.873 425 411
143.993 274.984 208.546 268.94 427 403
144.038 275.277 208.321 269.321 423 405
144.05 275.496 208.261 269.691 421 398
144.071 275.836 207.972 270.053 421 397
143.948 276.197 207.789 270.32 421 394
143.914 276.365 207.434 270.686 417 385
143.804 276.685 207.066 270.987 409 395
143.629 277.342 206.853 271.281 404 388
143.164 277.716 205.909 272.021 408 383
142.99 278.005 205.533 272.216 403 379
142.852 278.053 205.037 272.529 400 382
142.564 278.519 204.679 272.772 401 377
142.171 278.97 204.175 273.048 397 372
141.995 279.056 203.637 273.328 396 366
141.69 279.3 203.332 273.76 390 371
141.464 279.672 202.787 274.011 384 362
141.295 279.713 202.482 274.499 380 363
141.154 279.919 201.984 274.56 383 368
140.806 280.323 201.523 274.687 381 367
140.577 280.556 201.217 275.153 376 359
140.363 280.845 200.727 275.435 380 359
140.264 281.321 200.479 275.822 371 359
139.989 281.638 199.968 276.003 362 348
139.695 281.876 199.594 276.44 370 352
139.307 282.518 198.817 276.991 365 350
138.892 283.077 198.157 277.267 362 345
138.587 283.073 197.666 277.736 356 341
138.303 283.317 197 278 360 343
137.96 283.497 196.734 278.427 352 335
137.726 283.764 196.15 278.706 347 333
137.493 284.186 195.796 279.027 355 338
137.114 284.561 195.212 279.103 351 330
137.053 284.854 194.931 279.405 342 331
136.915 285.053 194.709 279.727 342 326
136.818 285.042 194.332 279.972 336 322
136.304 285.929 193.622 280.477 336 323
136.187 286.095 193.245 280.545 337 323
136.118 286.059 193.041 281.079 338 318
135.961 286.509 192.726 281.384 332 318
135.768 286.517 192.338 281.437 327 311
135.558 286.707 191.873 281.764 335 314
135.064 287.399 191.233 282.3 326 317
134.817 287.467 190.811 282.471 323 312
134.644 287.531 190.502 282.733 320 307
134.408 288.166 190.208 283.165 314 303
134.044 288.432 189.601 283.135 315 303
133.811 288.519 189.069 283.21 318 305
133.518 288.759 188.705 283.437 311 302
132.994 289.167 187.957 283.94 312 302
132.805 289.31 187.644 284.255 313 298
132.526 289.48 187.392 284.395 306 296
132.472 289.629 187.165 284.67 307 291
132.341 289.942 186.983 284.803 308 290
132.316 290.068 186.628 285.115 307 288
132.209 290.166 186.51 285.361 302 294
132.217 290.49 186.109 285.593 304 285
132.154 290.793 186.085 285.752 305 282
131.977 290.793 185.745 286.131 299 290
131.837 290.963 185.538 286.304 300 286
131.729 291.139 185.295 286.402 295 281
131.568 291.522 185.014 286.576 301 283
131.368 291.645 184.669 286.701 299 284
131.291 291.74 184.418 286.911 292 282
131.162 291.88 184.058 287.026 291 274
130.808 292.229 183.832 287.179 292 274
130.575 292.666 183.232 287.591 287 276
130.449 292.749 182.996 287.937 283 271
130.433 292.68 182.8 288.048 284 270
130.312 292.902 182.364 288.217 285 272
130.186 293.204 182.299 288.328 279 271
130.068 293.31 182.011 288.485 281 268
129.795 293.594 181.883 288.82 283 266
129.75 293.568 181.693 288.936 280 267
129.712 293.655 181.488 289.176 278 256
129.601 293.764 181.239 289.193 276 264
129.566 294.066 181.05 289.233 272 262
129.457 294.27 180.922 289.527 278 256
129.425 294.415 180.674 289.578 275 258
129.496 294.431 180.574 289.75 274 256
129.484 294.476 180.518 290.036 275 253
129.489 294.951 180.42 290.302 266 255
129.519 295.011 180.217 290.266 268 263
129.564 295.064 180.296 290.621 266 253
129.477 295.237 180.222 290.714 266 248
129.469 295.472 180.08 290.729 271 251
129.425 295.463 179.847 291.012 268 249
129.353 295.684 179.771 291.04 266 249
129.271 295.801 179.64 291.296 266 247
129.05 295.911 179.452 291.194 259 252
128.992 295.882 179.14 291.264 262 250
128.992 295.882 179.165 291.379 262 248
128.973 295.927 178.968 291.47 261 247
128.931 295.927 178.78 291.508 259 254
128.883 296.008 178.639 291.535 257 241
128.886 296.146 178.597 291.613 254 243
128.913 296.154 178.581 291.823 254 248
128.894 296.2 178.433 291.98 255 245
128.882 296.248 178.449 292.251 254 243
128.723 296.601 178.333 292.123 253 243
128.58 296.894 178.23 292.096 255 239
128.534 296.917 178.086 292.082 253 244
128.58 296.894 178.062 292.195 255 241
128.437 296.866 178.004 292.283 254 247
128.304 296.925 177.885 292.266 253 244
128.242 296.918 177.7 292.202 256 247
128.224 296.902 177.691 292.199 255 246
128.157 296.972 177.71 292.282 254 248
128.157 296.972 177.688 292.348 254 247
128.138 296.96 177.777 292.339 253 251
128.09 296.883 177.645 292.257 256 245
128.09 296.883 177.688 292.348 256 247
128.09 296.883 177.645 292.257 256 245
128.09 296.883 177.76 292.292 256 250
128.067 296.925 177.671 292.301 255 246
128.09 296.883 177.671 292.301 256 246
128.09 296.883 177.657 292.327 256 248
128.09 296.883 177.671 292.301 256 246
128.09 296.883 177.64 292.279 256 247
128.067 296.925 177.614 292.236 255 246
128.09 296.883 177.64 292.279 256 247
128.067 296.925 177.669 292.253 255 245
128.067 296.925 177.614 292.236 255 246
128.09 296.883 177.614 292.236 256 246
128.067 296.925 177.614 292.236 255 246
128.043 296.938 177.607 292.369 256 244
128.067 296.925 177.614 292.236 255 246
128.067 296.925 177.657 292.327 255 248
128.067 296.925 177.58 292.325 255 243
128.043 296.938 177.612 292.188 256 245
128.043 296.938 177.614 292.236 256 246
128.066 296.895 177.579 292.277 257 242
128.067 296.925 177.525 292.258 255 240
128.043 296.938 177.614 292.236 256 246
128.043 296.938 177.496 292.267 256 240
128.043 296.938 177.564 292.181 256 243
128.067 296.925 177.579 292.277 255 242
128.09 296.883 177.564 292.181 256 243
128.043 296.938 177.612 292.188 256 245
128.067 296.925 177.554 292.351 255 242
128.09 296.883 177.579 292.277 256 242
128.067 296.925 177.614 292.236 255 246
128.067 296.925 177.638 292.391 255 243
128.157 296.972 177.607 292.369 254 244
128.086 296.938 177.614 292.236 256 246
128.115 297.004 177.593 292.234 252 248
128.067 296.925 177.481 292.309 255 243
128.067 296.925 177.508 292.352 255 244
128.067 296.925 177.479 292.26 255 242
128.043 296.938 177.479 292.26 256 242
128.043 296.938 177.402 292.279 256 244
128.043 296.938 177.466 292.478 256 247
128.031 296.984 177.458 292.566 255 249
128.016 297.031 177.47 292.7 256 247
128.039 297.02 177.465 292.786 255 243
128.039 297.02 177.438 292.777 255 242
128.087 297.099 177.407 292.757 252 243
128.063 297.142 177.286 292.8 253 245
128.1 297.196 177.287 292.848 250 244
128.008 297.411 177.138 293.147 246 232
128.02 297.453 177.07 293.471 245 242
128 297.5 176.868 293.393 244 234
127.98 297.762 176.685 293.382 248 238
127.862 297.798 176.53 293.474 247 234
127.856 297.816 176.401 293.608 250 232
127.683 298.486 175.754 293.864 243 236
127.606 298.427 175.646 294.066 241 229
127.587 298.409 175.384 294.205 242 229
127.201 298.653 175.239 294.404 239 230
126.942 298.938 174.788 295.044 243 226
126.634 299.247 174.442 294.974 235 231
126.438 299.404 174.031 295.018 235 226
126.033 299.695 173.789 295.392 239 227
125.691 299.665 173.436 295.361 236 227
125.47 299.552 172.972 295.556 230 214
125.21 299.691 172.648 295.936 233 219
125.013 299.94 172.168 295.786 233 220
124.73 300.275 171.92 296.084 233 225
124.39 300.398 171.388 296.247 231 219
123.887 300.5 170.973 296.149 230 222
123.452 300.553 170.465 296.47 228 217
123.048 300.833 169.995 296.606 227 213
122.31 301.188 169.042 296.87 229 216
121.832 301.328 168.635 297.166 232 211
121.467 301.317 167.995 297.169 227 219
120.367 301.796 166.995 297.606 221 213
119.973 301.964 166.314 297.762 224 210
119.54 302.085 166.019 297.766 224 214
119.044 302.447 165.167 298.424 226 210
118.77 302.847 164.953 298.509 222 214
118.413 302.972 164.648 298.861 218 216
118.114 303.047 164.019 298.652 211 210
117.737 303.136 163.582 298.721 213 201
117.462 303.288 163.098 298.82 212 205
117.332 303.322 162.881 299.243 208 202
117.096 303.51 162.599 299.28 208 207
116.676 303.869 162.205 299.517 213 205
116.583 303.898 162.105 299.667 216 210
116.38 303.991 161.77 299.931 213 204
116.308 304.136 161.49 299.944 214 198
116 304.171 161.135 300.065 216 200
115.748 304.519 160.784 300 206 199
115.56 304.498 160.523 300.543 207 199
115.38 304.527 160.415 300.49 205 200
115.07 304.866 159.926 300.495 201 204
114.935 305.08 159.687 300.652 201 198
114.893 305.254 159.513 300.965 197 199
114.879 305.308 159.452 301.137 198 197
114.905 305.302 159.278 301.314 199 194
114.721 305.577 159.365 301.521 201 192
114.836 305.615 158.964 301.759 195 195
114.527 306.204 158.605 301.995 201 190
114.488 306.274 158.373 302.14 201 193
114.294 306.376 158.127 302.169 197 189
114.249 306.355 157.994 302.609 197 179
114.097 306.61 157.692 302.638 195 185
113.953 306.691 157.441 302.919 191 186
113.693 307.021 157.103 303.054 192 185
113.505 307.062 156.781 303.021 192 187
113.274 307.116 156.403 303.323 190 186
112.882 307.77 155.645 303.607 187 183
112.667 307.873 155.376 303.757 189 181
112.46 308.011 155.078 303.827 187 179
112.141 308.239 154.909 304.455 184 176
111.989 308.335 154.616 304.514 182 177
111.894 308.694 154.282 304.746 180 177
111.846 308.67 154.023 304.71 182 176
111.722 308.7 153.965 304.837 180 172
111.486 308.859 153.638 304.937 177 174
111.46 308.852 153.497 305.103 176 175
111.239 308.983 153.312 305.244 180 176
111.104 309.06 153.084 305.162 182 167
111.016 309.099 152.86 305.398 182 171
110.917 309.228 152.803 305.399 180 173
110.858 309.42 152.615 305.615 176 169
110.858 309.42 152.462 305.456 176 171
110.67 309.812 152.218 305.765 176 170
110.445 309.846 151.863 305.774 182 168
110.169 309.848 151.792 305.714 178 168
110.039 309.888 151.506 306.075 179 174
109.856 309.85 151.229 306.012 180 166
109.699 310.017 151.066 306.289 176 166
109.362 310.096 150.887 306.452 177 168
109.172 310.057 150.685 306.242 174 178
108.944 310.163 150.23 306.2 178 165
108.914 310.351 150.145 306.267 174 165
108.914 310.351 150.052 306.488 174 172
108.872 310.297 149.946 306.506 172 168
108.787 310.444 149.917 306.503 169 169
108.914 310.351 150.029 306.503 174 171
108.888 310.582 149.917 306.503 170 169
109 310.5 150.053 306.491 172 169
109.023 310.52 150.052 306.558 173 172
109.023 310.52 150.075 306.543 173 173
109.076 310.52 150.075 306.543 171 173
109.076 310.52 150.041 306.612 171 170
109 310.5 150.052 306.558 172 172
108.917 310.651 149.988 306.619 169 168
108.994 310.459 149.959 306.615 170 169
108.858 310.598 149.933 306.828 169 163
108.606 310.545 149.738 306.894 165 160
108.527 310.503 149.613 306.844 165 160
108.389 310.443 149.466 306.882 167 161
108.315 310.399 149.205 306.765 168 166
108.018 310.596 149.137 306.738 171 168
107.912 310.626 148.927 307.006 171 164
107.732 310.577 148.964 307.024 168 165
107.618 310.576 148.646 307.093 165 161
107.361 310.53 148.531 307.137 166 160
107.162 310.671 148.305 306.878 173 164
107.111 310.655 148.274 307.043 171 164
107.064 310.715 148.182 306.842 172 165
107.064 310.715 148.156 307.094 172 160
107.064 310.715 148.156 307.094 172 160
107.064 310.715 148.156 307.094 172 160
107.064 310.715 148.148 306.969 172 162
107.064 310.715 148.222 307.198 172 162
107.064 310.715 148.156 307.094 172 160
107.035 310.766 148.148 306.969 171 162
107.023 310.832 148.156 307.094 173 160
107.064 310.715 148.246 306.946 172 167
107.064 310.715 148.19 306.963 172 163
107.034 310.943 148.182 306.842 174 165
107.035 310.728 148.19 306.963 173 163
107.064 310.715 148.222 307.198 172 162
107.035 310.766 148.222 307.198 171 162
107.035 310.766 148.222 307.198 171 162
107.064 310.715 148.222 307.198 172 162
107.064 310.715 148.182 306.842 172 165
107.064 310.715 148.246 306.946 172 167
107.064 310.715 148.182 306.842 172 165
107.064 310.715 148.156 307.094 172 160
107.064 310.715 148.156 307.094 172 160
107.064 310.715 148.19 306.963 172 163
107.064 310.715 148.19 306.963 172 163
107.018 310.824 148.255 307.067 170 165
107.063 310.891 148.182 306.842 175 165
107.064 310.715 148.148 306.969 172 162
107.064 310.715 148.156 307.094 172 160
107.064 310.715 148.156 307.094 172 160
107.064 310.715 148.255 307.067 172 165
107.035 310.766 148.148 306.969 171 162
107.064 310.715 148.182 306.842 172 165
107.063 310.891 148.156 307.094 175 160
107.064 310.715 148.246 306.946 172 167
107.064 310.715 148.255 307.067 172 165
107.064 310.715 148.156 307.094 172 160
107.064 310.715 148.213 307.073 172 164
107.035 310.766 148.156 307.094 171 160
107.064 310.715 148.148 306.969 172 162
107.064 310.715 148.156 307.094 172 160
107.063 310.891 148.156 307.094 175 160
107.063 310.891 148.19 306.963 175 163
107.064 310.715 148.246 306.946 172 167
107.064 310.715 148.156 307.094 172 160
107.064 310.715 148.156 307.094 172 160
107.064 310.715 148.246 306.946 172 167
107.064 310.715 148.182 306.842 172 165
107.064 310.715 148.156 307.094 172 160
107.064 310.715 148.19 306.963 172 163
107.064 310.715 148.182 306.842 172 165
107.064 310.715 148.156 307.094 172 160
107.018 310.824 148.246 306.946 170 167
107.064 310.715 148.156 307.094 172 160
107.064 310.715 148.156 307.094 172 160
107.064 310.715 148.182 306.842 172 165
107.064 310.715 148.255 307.067 172 165
107.064 310.715 148.222 307.198 172 162
107.018 310.824 148.148 306.969 170 162
107.064 310.715 148.19 306.963 172 163
107.064 310.715 148.19 306.963 172 163
107.064 310.715 148.156 307.094 172 160
107.064 310.715 148.182 306.842 172 165
107.064 310.715 148.213 307.073 172 164
107.064 310.715 148.182 306.842 172 165
107.064 310.715 148.19 306.963 172 163
107.035 310.766 148.19 306.963 171 163
107.064 310.715 148.156 307.094 172 160
107.063 310.891 148.156 307.094 175 160
107.064 310.715 148.182 306.842 172 165
107.064 310.715 148.255 307.067 172 165
107.064 310.715 148.222 307.198 172 162
107.064 310.715 148.222 307.198 172 162
